[22.03.26 19:05:34][main.py][89]> D: ------------------------------------------------------------------
[22.03.26 19:11:00][main.py][89]> D: ------------------------------------------------------------------
[22.03.26 19:11:00][main.py][118]> I: Загружаю конфиг _main.cfg...
[22.03.26 19:11:00][main.py][123]> I: Загружаю конфиг auto_response.cfg...
[22.03.26 19:11:00][main.py][127]> I: Загружаю конфиг auto_delivery.cfg...
[22.03.26 19:11:00][cardinal.py][854]> I: Хэндлеры из handlers.py зарегистрированы.
[22.03.26 19:11:00][cardinal.py][854]> I: Хэндлеры из announcements.py зарегистрированы.
[22.03.26 19:11:00][cardinal.py][810]> I: Плагины не обнаружены.
[22.03.26 19:11:00][bot.py][1256]> I: Telegram бот инициализирован.
[22.03.26 19:11:00][cardinal.py][854]> I: Хэндлеры из tg_bot.auto_response_cp.py зарегистрированы.
[22.03.26 19:11:00][cardinal.py][854]> I: Хэндлеры из tg_bot.auto_delivery_cp.py зарегистрированы.
[22.03.26 19:11:00][cardinal.py][854]> I: Хэндлеры из tg_bot.config_loader_cp.py зарегистрированы.
[22.03.26 19:11:00][cardinal.py][854]> I: Хэндлеры из tg_bot.templates_cp.py зарегистрированы.
[22.03.26 19:11:00][cardinal.py][854]> I: Хэндлеры из tg_bot.plugins_cp.py зарегистрированы.
[22.03.26 19:11:00][cardinal.py][854]> I: Хэндлеры из tg_bot.file_uploader.py зарегистрированы.
[22.03.26 19:11:00][cardinal.py][854]> I: Хэндлеры из tg_bot.authorized_users_cp.py зарегистрированы.
[22.03.26 19:11:00][cardinal.py][854]> I: Хэндлеры из tg_bot.proxy_cp.py зарегистрированы.
[22.03.26 19:11:00][cardinal.py][854]> I: Хэндлеры из tg_bot.default_cp.py зарегистрированы.
[22.03.26 19:11:05][bot.py][1266]> I: Telegram бот @funpaystars_robot запущен.
[22.03.26 19:11:11][bot.py][313]> W: @denekvtg (ID: 8429942952) попытался получить доступ к ПУ. Сдерживаю его как могу!
[22.03.26 19:11:15][cardinal.py][222]> I: 
[22.03.26 19:11:15][cardinal.py][222]> I: ------------------------------------------------------------
[22.03.26 19:11:15][cardinal.py][222]> I: * Добрый вечер, den2701.                                   *
[22.03.26 19:11:15][cardinal.py][222]> I: * Ваш ID: 14654751.                                        *
[22.03.26 19:11:15][cardinal.py][222]> I: * Ваш текущий баланс: 0.0 RUB | 0.0 USD | 0.0 EUR          *
[22.03.26 19:11:15][cardinal.py][222]> I: * Текущие незавершенные сделки: 0.                         *
[22.03.26 19:11:15][cardinal.py][222]> I: * Удачной торговли!                                        *
[22.03.26 19:11:15][cardinal.py][222]> I: ------------------------------------------------------------
[22.03.26 19:11:15][cardinal.py][222]> I: 
[22.03.26 19:11:15][cardinal.py][248]> I: Получаю данные о лотах и категориях...
[22.03.26 19:11:15][cardinal.py][273]> I: Обновил информацию о лотах (4) и категориях (4) профиля.
[22.03.26 19:11:15][cardinal.py][277]> I: Обновил информацию о лотах (4) и категориях (4) профиля (TG ПУ).
[22.03.26 19:11:15][cardinal.py][614]> I: Цикл автоподнятия лотов запущен (это не значит, что автоподнятие лотов включено).
[22.03.26 19:11:15][cardinal.py][632]> I: Цикл обновления сессии запущен.
